<?xml version="1.0" encoding="UTF-8"?>
<!-- Generated by org.testng.reporters.JUnitReportReporter -->
<testsuite hostname="DESKTOP-M48HVTV" failures="0" tests="1" name="connection.DBQueries" time="0.598" errors="0" timestamp="2023-08-06T18:45:26 IST" skipped="0">
  <testcase classname="connection.DBQueries" name="executeQuery" time="0.598"/>
  <system-out/>
</testsuite> <!-- connection.DBQueries -->
