<?xml version="1.0" encoding="UTF-8"?>
<!-- Generated by org.testng.reporters.JUnitReportReporter -->
<testsuite hostname="DESKTOP-M48HVTV" failures="0" tests="1" name="connection.FurtherOps_DBqueries" time="1.042" errors="0" timestamp="2023-10-05T00:17:39 IST" skipped="0">
  <testcase classname="connection.FurtherOps_DBqueries" name="executeQuery" time="1.042"/>
  <system-out/>
</testsuite> <!-- connection.FurtherOps_DBqueries -->
